<?xml version="1.0" encoding="UTF-8"?>
<!-- Generated by org.testng.reporters.JUnitReportReporter -->
<testsuite hostname="Tanya-PC" name="my.graph.GridMapTest" tests="4" failures="0" timestamp="17 Mar 2015 11:03:53 GMT" time="0.040" errors="0">
  <testcase name="rectangularMapTest" time="0.017" classname="my.graph.GridMapTest"/>
  <testcase name="testMapTest" time="0.003" classname="my.graph.GridMapTest"/>
  <testcase name="testFindPath" time="0.007" classname="my.graph.GridMapTest"/>
  <testcase name="rangeToObstacleTest" time="0.013" classname="my.graph.GridMapTest"/>
</testsuite> <!-- my.graph.GridMapTest -->
